  main (1).cpp
c:\users\alexis\documents\hwpq\hwpq\main (1).cpp(21): warning C4018: '<': signed/unsigned mismatch
c:\users\alexis\documents\hwpq\hwpq\main (1).cpp(29): warning C4018: '<': signed/unsigned mismatch
c:\users\alexis\documents\hwpq\hwpq\minpriorityqueue.h(167): warning C4018: '<=': signed/unsigned mismatch
  c:\users\alexis\documents\hwpq\hwpq\minpriorityqueue.h(163): note: while compiling class template member function 'void MinPriorityQueue<char>::bubble_down(void)'
  c:\users\alexis\documents\hwpq\hwpq\minpriorityqueue.h(74): note: see reference to function template instantiation 'void MinPriorityQueue<char>::bubble_down(void)' being compiled
  c:\users\alexis\documents\hwpq\hwpq\main (1).cpp(363): note: see reference to class template instantiation 'MinPriorityQueue<char>' being compiled
c:\users\alexis\documents\hwpq\hwpq\minpriorityqueue.h(167): warning C4018: '>': signed/unsigned mismatch
c:\users\alexis\documents\hwpq\hwpq\minpriorityqueue.h(122): warning C4018: '<=': signed/unsigned mismatch
  c:\users\alexis\documents\hwpq\hwpq\minpriorityqueue.h(120): note: while compiling class template member function 'bool MinPriorityQueue<char>::children_violation(int)'
  c:\users\alexis\documents\hwpq\hwpq\minpriorityqueue.h(165): note: see reference to function template instantiation 'bool MinPriorityQueue<char>::children_violation(int)' being compiled
c:\users\alexis\documents\hwpq\hwpq\minpriorityqueue.h(129): warning C4018: '<=': signed/unsigned mismatch
c:\users\alexis\documents\hwpq\hwpq\minpriorityqueue.h(129): warning C4018: '>': signed/unsigned mismatch
c:\users\alexis\documents\hwpq\hwpq\minpriorityqueue.h(135): warning C4018: '>': signed/unsigned mismatch
  Generating code
  30 of 759 functions ( 4.0%) were compiled, the rest were copied from previous compilation.
    0 functions were new in current compilation
    5 functions had inline decision re-evaluated but remain unchanged
  Finished generating code
  hwPQ.vcxproj -> C:\Users\Alexis\Documents\hwPQ\Release\hwPQ.exe
